Build started 30-Jun-16 6:09:21 PM.
     1>Project "C:\Users\MAHI\Desktop\project\networkinginsinglefile\serverprogram\serverprogram\serverprogram.vcxproj" on node 2 (Build target(s)).
     1>ClCompile:
         C:\Program Files (x86)\Microsoft Visual Studio 12.0\VC\bin\CL.exe /c /ZI /nologo /W3 /WX- /Od /Oy- /D WIN32 /D _DEBUG /D _CONSOLE /D _LIB /D _UNICODE /D UNICODE /Gm /EHsc /RTC1 /MDd /GS /fp:precise /Zc:wchar_t /Zc:forScope /Fo"Debug\\" /Fd"Debug\vc120.pdb" /Gd /TP /analyze- /errorReport:prompt server.cpp
         server.cpp
     1>c:\users\mahi\desktop\project\networkinginsinglefile\serverprogram\serverprogram\server.cpp(19): warning C4996: 'fopen': This function or variable may be unsafe. Consider using fopen_s instead. To disable deprecation, use _CRT_SECURE_NO_WARNINGS. See online help for details.
                 c:\program files (x86)\microsoft visual studio 12.0\vc\include\stdio.h(211) : see declaration of 'fopen'
     1>c:\users\mahi\desktop\project\networkinginsinglefile\serverprogram\serverprogram\server.cpp(37): warning C4996: 'fopen': This function or variable may be unsafe. Consider using fopen_s instead. To disable deprecation, use _CRT_SECURE_NO_WARNINGS. See online help for details.
                 c:\program files (x86)\microsoft visual studio 12.0\vc\include\stdio.h(211) : see declaration of 'fopen'
     1>c:\users\mahi\desktop\project\networkinginsinglefile\serverprogram\serverprogram\server.cpp(50): warning C4996: 'fopen': This function or variable may be unsafe. Consider using fopen_s instead. To disable deprecation, use _CRT_SECURE_NO_WARNINGS. See online help for details.
                 c:\program files (x86)\microsoft visual studio 12.0\vc\include\stdio.h(211) : see declaration of 'fopen'
     1>c:\users\mahi\desktop\project\networkinginsinglefile\serverprogram\serverprogram\server.cpp(63): warning C4996: 'fopen': This function or variable may be unsafe. Consider using fopen_s instead. To disable deprecation, use _CRT_SECURE_NO_WARNINGS. See online help for details.
                 c:\program files (x86)\microsoft visual studio 12.0\vc\include\stdio.h(211) : see declaration of 'fopen'
     1>c:\users\mahi\desktop\project\networkinginsinglefile\serverprogram\serverprogram\server.cpp(82): warning C4996: 'fopen': This function or variable may be unsafe. Consider using fopen_s instead. To disable deprecation, use _CRT_SECURE_NO_WARNINGS. See online help for details.
                 c:\program files (x86)\microsoft visual studio 12.0\vc\include\stdio.h(211) : see declaration of 'fopen'
     1>c:\users\mahi\desktop\project\networkinginsinglefile\serverprogram\serverprogram\server.cpp(91): warning C4129: 'c' : unrecognized character escape sequence
     1>c:\users\mahi\desktop\project\networkinginsinglefile\serverprogram\serverprogram\server.cpp(116): warning C4996: 'fopen': This function or variable may be unsafe. Consider using fopen_s instead. To disable deprecation, use _CRT_SECURE_NO_WARNINGS. See online help for details.
                 c:\program files (x86)\microsoft visual studio 12.0\vc\include\stdio.h(211) : see declaration of 'fopen'
     1>c:\users\mahi\desktop\project\networkinginsinglefile\serverprogram\serverprogram\server.cpp(123): warning C4996: 'gets': This function or variable may be unsafe. Consider using gets_s instead. To disable deprecation, use _CRT_SECURE_NO_WARNINGS. See online help for details.
                 c:\program files (x86)\microsoft visual studio 12.0\vc\include\stdio.h(254) : see declaration of 'gets'
     1>c:\users\mahi\desktop\project\networkinginsinglefile\serverprogram\serverprogram\server.cpp(124): warning C4996: 'fopen': This function or variable may be unsafe. Consider using fopen_s instead. To disable deprecation, use _CRT_SECURE_NO_WARNINGS. See online help for details.
                 c:\program files (x86)\microsoft visual studio 12.0\vc\include\stdio.h(211) : see declaration of 'fopen'
     1>c:\users\mahi\desktop\project\networkinginsinglefile\serverprogram\serverprogram\server.cpp(96): warning C4101: 'Readflag' : unreferenced local variable
     1>c:\users\mahi\desktop\project\networkinginsinglefile\serverprogram\serverprogram\server.cpp(94): warning C4101: 'Openflag' : unreferenced local variable
     1>c:\users\mahi\desktop\project\networkinginsinglefile\serverprogram\serverprogram\server.cpp(95): warning C4101: 'Writeflag' : unreferenced local variable
       Link:
         C:\Program Files (x86)\Microsoft Visual Studio 12.0\VC\bin\link.exe /ERRORREPORT:PROMPT /OUT:"C:\Users\MAHI\Desktop\project\networkinginsinglefile\serverprogram\Debug\serverprogram.exe" /INCREMENTAL /NOLOGO kernel32.lib user32.lib gdi32.lib winspool.lib comdlg32.lib advapi32.lib shell32.lib ole32.lib oleaut32.lib uuid.lib odbc32.lib odbccp32.lib /MANIFEST /MANIFESTUAC:"level='asInvoker' uiAccess='false'" /manifest:embed /DEBUG /PDB:"C:\Users\MAHI\Desktop\project\networkinginsinglefile\serverprogram\Debug\serverprogram.pdb" /SUBSYSTEM:CONSOLE /TLBID:1 /DYNAMICBASE /NXCOMPAT /IMPLIB:"C:\Users\MAHI\Desktop\project\networkinginsinglefile\serverprogram\Debug\serverprogram.lib" /MACHINE:X86 Debug\server.obj
         Debug\xyz.obj
         serverprogram.vcxproj -> C:\Users\MAHI\Desktop\project\networkinginsinglefile\serverprogram\Debug\serverprogram.exe
     1>Done Building Project "C:\Users\MAHI\Desktop\project\networkinginsinglefile\serverprogram\serverprogram\serverprogram.vcxproj" (Build target(s)).

Build succeeded.

Time Elapsed 00:00:01.47
